2025/05/26 15:58:30 启动ConcordKV Raft服务器...
[server-node1] 2025/05/26 15:58:30 启动ConcordKV Raft服务器，节点ID: node1
[raft-node1] 2025/05/26 15:58:30 启动Raft节点 node1
HTTP传输层启动在 :21080
[server-node1] 2025/05/26 15:58:30 API服务器启动在 :21081
[server-node1] 2025/05/26 15:58:30 API服务器开始监听 :21081
[server-node1] 2025/05/26 15:58:30 服务器启动成功
2025/05/26 15:58:30 服务器已启动，按 Ctrl+C 停止
[raft-node1] 2025/05/26 15:58:37 选举超时，开始新的选举
[raft-node1] 2025/05/26 15:58:37 准备设置新任期: 1
[raft-node1] 2025/05/26 15:58:37 成功设置新任期: 1
[raft-node1] 2025/05/26 15:58:37 准备投票给自己: node1
[raft-node1] 2025/05/26 15:58:37 成功投票给自己: node1
[raft-node1] 2025/05/26 15:58:37 转换为候选人，任期: 1
[raft-node1] 2025/05/26 15:58:37 DEBUG: 准备触发状态变更事件
[raft-node1] 2025/05/26 15:58:37 DEBUG: 准备更新指标
[raft-node1] 2025/05/26 15:58:37 DEBUG: 准备开始选举，启动 startElection goroutine
[raft-node1] 2025/05/26 15:58:37 DEBUG: becomeCandidate 函数即将结束
[raft-node1] 2025/05/26 15:58:37 DEBUG: startElection goroutine 已启动
[raft-node1] 2025/05/26 15:58:37 === 开始选举调试信息 ===
[raft-node1] 2025/05/26 15:58:37 当前任期: 1
[raft-node1] 2025/05/26 15:58:37 服务器列表长度: 1
[raft-node1] 2025/05/26 15:58:37 服务器[0]: ID=node1, Address=:21080
[raft-node1] 2025/05/26 15:58:37 === 选举调试信息结束 ===
[raft-node1] 2025/05/26 15:58:37 开始选举，任期: 1，服务器列表: [{ID:node1 Address::21080}]
[raft-node1] 2025/05/26 15:58:37 开始选举投票，集群大小: 1，需要票数: 1
[raft-node1] 2025/05/26 15:58:37 单节点集群，直接成为领导者
[raft-node1] 2025/05/26 15:58:37 成为领导者，任期: 1
[raft-node1] 2025/05/26 15:58:37 DEBUG: startElection goroutine 已完成
[raft-node1] 2025/05/26 15:58:37 发送心跳，任期: 1
[raft-node1] 2025/05/26 15:58:38 发送心跳，任期: 1
[raft-node1] 2025/05/26 15:58:39 发送心跳，任期: 1
[raft-node1] 2025/05/26 15:58:40 发送心跳，任期: 1
[raft-node1] 2025/05/26 15:58:41 发送心跳，任期: 1
[server-node1] 2025/05/26 15:58:42 处理状态查询请求
[server-node1] 2025/05/26 15:58:42 获取Raft指标...
[server-node1] 2025/05/26 15:58:42 获取Raft指标完成
[server-node1] 2025/05/26 15:58:42 检查是否为领导者...
[server-node1] 2025/05/26 15:58:42 检查是否为领导者完成: true
[server-node1] 2025/05/26 15:58:42 获取存储大小...
[server-node1] 2025/05/26 15:58:42 获取存储大小完成: 0
[server-node1] 2025/05/26 15:58:42 发送响应...
[server-node1] 2025/05/26 15:58:42 状态查询请求处理完成
[raft-node1] 2025/05/26 15:58:42 提议新的日志条目，索引: 1
[raft-node1] 2025/05/26 15:58:42 单节点集群，立即提交日志条目 1
[raft-node1] 2025/05/26 15:58:42 成功应用日志条目 1 到状态机
[raft-node1] 2025/05/26 15:58:42 提议新的日志条目，索引: 2
[raft-node1] 2025/05/26 15:58:42 单节点集群，立即提交日志条目 2
[raft-node1] 2025/05/26 15:58:42 成功应用日志条目 2 到状态机
[raft-node1] 2025/05/26 15:58:42 提议新的日志条目，索引: 3
[raft-node1] 2025/05/26 15:58:42 单节点集群，立即提交日志条目 3
[raft-node1] 2025/05/26 15:58:42 成功应用日志条目 3 到状态机
2025/05/26 15:58:42 收到停止信号，正在关闭服务器...
[server-node1] 2025/05/26 15:58:42 停止ConcordKV Raft服务器
[raft-node1] 2025/05/26 15:58:42 停止Raft节点 node1
HTTP传输层已停止
[server-node1] 2025/05/26 15:58:42 服务器已停止
2025/05/26 15:58:42 服务器已关闭
