2025/05/26 15:28:57 启动ConcordKV Raft服务器...
[server-node1] 2025/05/26 15:28:57 启动ConcordKV Raft服务器，节点ID: node1
[raft-node1] 2025/05/26 15:28:57 启动Raft节点 node1
HTTP传输层启动在 127.0.0.1:23080
[server-node1] 2025/05/26 15:28:57 API服务器启动在 127.0.0.1:23081
[server-node1] 2025/05/26 15:28:57 API服务器开始监听 127.0.0.1:23081
[server-node1] 2025/05/26 15:28:58 服务器启动成功
2025/05/26 15:28:58 服务器已启动，按 Ctrl+C 停止
[raft-node1] 2025/05/26 15:29:04 选举超时，开始新的选举
[raft-node1] 2025/05/26 15:29:04 准备设置新任期: 1
[raft-node1] 2025/05/26 15:29:04 成功设置新任期: 1
[raft-node1] 2025/05/26 15:29:04 准备投票给自己: node1
[raft-node1] 2025/05/26 15:29:04 成功投票给自己: node1
[raft-node1] 2025/05/26 15:29:04 转换为候选人，任期: 1
[raft-node1] 2025/05/26 15:29:04 DEBUG: 准备触发状态变更事件
[raft-node1] 2025/05/26 15:29:04 DEBUG: 准备更新指标
[raft-node1] 2025/05/26 15:29:04 DEBUG: 准备开始选举，启动 startElection goroutine
[raft-node1] 2025/05/26 15:29:04 DEBUG: becomeCandidate 函数即将结束
[raft-node1] 2025/05/26 15:29:04 DEBUG: startElection goroutine 已启动
[raft-node1] 2025/05/26 15:29:04 === 开始选举调试信息 ===
[raft-node1] 2025/05/26 15:29:04 当前任期: 1
[raft-node1] 2025/05/26 15:29:04 服务器列表长度: 1
[raft-node1] 2025/05/26 15:29:04 服务器[0]: ID=node1, Address=127.0.0.1:23080
[raft-node1] 2025/05/26 15:29:04 === 选举调试信息结束 ===
[raft-node1] 2025/05/26 15:29:04 开始选举，任期: 1，服务器列表: [{ID:node1 Address:127.0.0.1:23080}]
[raft-node1] 2025/05/26 15:29:04 开始选举投票，集群大小: 1，需要票数: 1
[raft-node1] 2025/05/26 15:29:04 单节点集群，直接成为领导者
[raft-node1] 2025/05/26 15:29:04 成为领导者，任期: 1
2025/05/26 15:33:23 收到停止信号，正在关闭服务器...
[server-node1] 2025/05/26 15:33:23 停止ConcordKV Raft服务器
[raft-node1] 2025/05/26 15:33:23 停止Raft节点 node1
